28/03/2008 23:47:24 (InfL1)	+-+-+-+-+-+-+-+-+-+-+-+-+-+-+-+-+-+-+-+-+-+-+-+-+-+-+-+-+-+-+-+-+-+-+-+-+-+-+-+
28/03/2008 23:47:24 (InfL1)	+                     Crazy Eddie's GUI System - Event log                    +
28/03/2008 23:47:24 (InfL1)	+                          (http://www.cegui.org.uk/)                         +
28/03/2008 23:47:24 (InfL1)	+-+-+-+-+-+-+-+-+-+-+-+-+-+-+-+-+-+-+-+-+-+-+-+-+-+-+-+-+-+-+-+-+-+-+-+-+-+-+-+

28/03/2008 23:47:24 (InfL1)	CEGUI::Logger singleton created.
28/03/2008 23:47:24 (InfL1)	---- Begining CEGUI System initialisation ----
28/03/2008 23:47:24 (InfL1)	CEGUI::ImagesetManager singleton created
28/03/2008 23:47:24 (InfL1)	CEGUI::FontManager singleton created.
28/03/2008 23:47:24 (InfL1)	CEGUI::WindowFactoryManager singleton created
28/03/2008 23:47:24 (InfL1)	CEGUI::WindowManager singleton created
28/03/2008 23:47:24 (InfL1)	CEGUI::SchemeManager singleton created.
28/03/2008 23:47:24 (InfL1)	CEGUI::MouseCursor singleton created.
28/03/2008 23:47:24 (InfL1)	CEGUI::GlobalEventSet singleton created.
28/03/2008 23:47:24 (InfL1)	CEGUI::WidgetLookManager singleton created.
28/03/2008 23:47:24 (InfL1)	CEGUI::WindowRendererManager singleton created
28/03/2008 23:47:24 (InfL1)	WindowFactory for 'DefaultWindow' windows added.
28/03/2008 23:47:24 (InfL1)	WindowFactory for 'DragContainer' windows added.
28/03/2008 23:47:24 (InfL1)	WindowFactory for 'ScrolledContainer' windows added.
28/03/2008 23:47:24 (InfL1)	WindowFactory for 'ClippedContainer' windows added.
28/03/2008 23:47:24 (InfL1)	WindowFactory for 'CEGUI/Checkbox' windows added.
28/03/2008 23:47:24 (InfL1)	WindowFactory for 'CEGUI/PushButton' windows added.
28/03/2008 23:47:24 (InfL1)	WindowFactory for 'CEGUI/RadioButton' windows added.
28/03/2008 23:47:24 (InfL1)	WindowFactory for 'CEGUI/Combobox' windows added.
28/03/2008 23:47:24 (InfL1)	WindowFactory for 'CEGUI/ComboDropList' windows added.
28/03/2008 23:47:24 (InfL1)	WindowFactory for 'CEGUI/Editbox' windows added.
28/03/2008 23:47:24 (InfL1)	WindowFactory for 'CEGUI/FrameWindow' windows added.
28/03/2008 23:47:24 (InfL1)	WindowFactory for 'CEGUI/ItemEntry' windows added.
28/03/2008 23:47:24 (InfL1)	WindowFactory for 'CEGUI/Listbox' windows added.
28/03/2008 23:47:24 (InfL1)	WindowFactory for 'CEGUI/ListHeader' windows added.
28/03/2008 23:47:24 (InfL1)	WindowFactory for 'CEGUI/ListHeaderSegment' windows added.
28/03/2008 23:47:24 (InfL1)	WindowFactory for 'CEGUI/Menubar' windows added.
28/03/2008 23:47:24 (InfL1)	WindowFactory for 'CEGUI/PopupMenu' windows added.
28/03/2008 23:47:24 (InfL1)	WindowFactory for 'CEGUI/MenuItem' windows added.
28/03/2008 23:47:24 (InfL1)	WindowFactory for 'CEGUI/MultiColumnList' windows added.
28/03/2008 23:47:24 (InfL1)	WindowFactory for 'CEGUI/MultiLineEditbox' windows added.
28/03/2008 23:47:24 (InfL1)	WindowFactory for 'CEGUI/ProgressBar' windows added.
28/03/2008 23:47:24 (InfL1)	WindowFactory for 'CEGUI/ScrollablePane' windows added.
28/03/2008 23:47:24 (InfL1)	WindowFactory for 'CEGUI/Scrollbar' windows added.
28/03/2008 23:47:24 (InfL1)	WindowFactory for 'CEGUI/Slider' windows added.
28/03/2008 23:47:24 (InfL1)	WindowFactory for 'CEGUI/Spinner' windows added.
28/03/2008 23:47:24 (InfL1)	WindowFactory for 'CEGUI/TabButton' windows added.
28/03/2008 23:47:24 (InfL1)	WindowFactory for 'CEGUI/TabControl' windows added.
28/03/2008 23:47:24 (InfL1)	WindowFactory for 'CEGUI/Thumb' windows added.
28/03/2008 23:47:24 (InfL1)	WindowFactory for 'CEGUI/Titlebar' windows added.
28/03/2008 23:47:24 (InfL1)	WindowFactory for 'CEGUI/Tooltip' windows added.
28/03/2008 23:47:24 (InfL1)	WindowFactory for 'CEGUI/ItemListbox' windows added.
28/03/2008 23:47:24 (InfL1)	Window type alias named 'DefaultGUISheet' added for window type 'DefaultWindow'.
28/03/2008 23:47:24 (InfL1)	CEGUI::System singleton created.
28/03/2008 23:47:24 (InfL1)	---- CEGUI System initialisation completed ----
28/03/2008 23:47:24 (InfL1)	---- Version 0.5.0 ----
28/03/2008 23:47:24 (InfL1)	---- Renderer module is: CEGUI::OgreRenderer - Official Ogre based renderer module for CEGUI ----
28/03/2008 23:47:24 (InfL1)	---- XML Parser module is: CEGUI::ExpatParser - Official expat based parser module for CEGUI ----
28/03/2008 23:47:24 (InfL1)	---- Scripting module is: None ----
28/03/2008 23:47:24 (InfL1)	Attempting to load Scheme from file 'TaharezLookSkin.scheme'.
28/03/2008 23:47:24 (InfL2)	Started creation of Scheme 'TaharezLook' via XML file.
28/03/2008 23:47:24 (InfL2)	Finished creation of Scheme 'TaharezLook' via XML file.
28/03/2008 23:47:24 (InfL2)	Loaded GUI scheme 'TaharezLook' from data in file 'TaharezLookSkin.scheme'.
28/03/2008 23:47:24 (InfL2)	---- Begining resource loading for GUI scheme 'TaharezLook' ----
28/03/2008 23:47:24 (InfL1)	Attempting to create an Imageset from the information specified in file 'TaharezLook.imageset'.
28/03/2008 23:47:24 (InfL1)	Started creation of Imageset from XML specification:
28/03/2008 23:47:24 (InfL1)	---- CEGUI Imageset name: TaharezLook
28/03/2008 23:47:24 (InfL1)	---- Source texture file: TaharezLook.tga in resource group: (Default)
28/03/2008 23:47:24 (InfL2)	Finished creation of Imageset 'TaharezLook' via XML file.
28/03/2008 23:47:24 (InfL1)	Attempting to create Font from the information specified in file 'bluehighway-12.font'.
28/03/2008 23:47:24 (InfL1)	Started creation of FreeType Font:
28/03/2008 23:47:24 (InfL1)	---- CEGUI font name: BlueHighway-12
28/03/2008 23:47:24 (InfL1)	----     Source file: bluehigh.ttf in resource group: (Default)
28/03/2008 23:47:24 (InfL1)	---- Real point size: 12
28/03/2008 23:47:24 (InfL1)	Succsessfully loaded 289 glyphs
28/03/2008 23:47:24 (InfL2)	Finished creation of Font 'BlueHighway-12' via XML file.
28/03/2008 23:47:24 (InfL1)	Attempting to create Font from the information specified in file 'bluehighway-10.font'.
28/03/2008 23:47:24 (InfL1)	Started creation of FreeType Font:
28/03/2008 23:47:24 (InfL1)	---- CEGUI font name: BlueHighway-10
28/03/2008 23:47:24 (InfL1)	----     Source file: bluehigh.ttf in resource group: (Default)
28/03/2008 23:47:24 (InfL1)	---- Real point size: 10
28/03/2008 23:47:24 (InfL1)	Succsessfully loaded 289 glyphs
28/03/2008 23:47:24 (InfL2)	Finished creation of Font 'BlueHighway-10' via XML file.
28/03/2008 23:47:24 (InfL1)	Attempting to create Font from the information specified in file 'bluehighway-8.font'.
28/03/2008 23:47:24 (InfL1)	Started creation of FreeType Font:
28/03/2008 23:47:24 (InfL1)	---- CEGUI font name: BlueHighway-8
28/03/2008 23:47:24 (InfL1)	----     Source file: bluehigh.ttf in resource group: (Default)
28/03/2008 23:47:24 (InfL1)	---- Real point size: 8
28/03/2008 23:47:24 (InfL1)	Succsessfully loaded 289 glyphs
28/03/2008 23:47:24 (InfL2)	Finished creation of Font 'BlueHighway-8' via XML file.
28/03/2008 23:47:24 (InfL1)	===== Falagard 'root' element: look and feel parsing begins =====
28/03/2008 23:47:25 (InfL2)	---> Start of definition for widget look 'TaharezLook/Button'.
28/03/2008 23:47:25 (InfL2)	---< End of definition for widget look 'TaharezLook/Button'.
28/03/2008 23:47:25 (InfL2)	---> Start of definition for widget look 'TaharezLook/RadioButton'.
28/03/2008 23:47:25 (InfL2)	---< End of definition for widget look 'TaharezLook/RadioButton'.
28/03/2008 23:47:25 (InfL2)	---> Start of definition for widget look 'TaharezLook/Checkbox'.
28/03/2008 23:47:25 (InfL2)	---< End of definition for widget look 'TaharezLook/Checkbox'.
28/03/2008 23:47:25 (InfL2)	---> Start of definition for widget look 'TaharezLook/Editbox'.
28/03/2008 23:47:25 (InfL2)	---< End of definition for widget look 'TaharezLook/Editbox'.
28/03/2008 23:47:25 (InfL2)	---> Start of definition for widget look 'TaharezLook/Titlebar'.
28/03/2008 23:47:25 (InfL2)	---< End of definition for widget look 'TaharezLook/Titlebar'.
28/03/2008 23:47:25 (InfL2)	---> Start of definition for widget look 'TaharezLook/FrameWindow'.
28/03/2008 23:47:25 (InfL2)	---< End of definition for widget look 'TaharezLook/FrameWindow'.
28/03/2008 23:47:25 (InfL2)	---> Start of definition for widget look 'TaharezLook/ProgressBar'.
28/03/2008 23:47:25 (InfL2)	---< End of definition for widget look 'TaharezLook/ProgressBar'.
28/03/2008 23:47:25 (InfL2)	---> Start of definition for widget look 'TaharezLook/AltProgressBar'.
28/03/2008 23:47:25 (InfL2)	---< End of definition for widget look 'TaharezLook/AltProgressBar'.
28/03/2008 23:47:25 (InfL2)	---> Start of definition for widget look 'TaharezLook/VUMeter'.
28/03/2008 23:47:25 (InfL2)	---< End of definition for widget look 'TaharezLook/VUMeter'.
28/03/2008 23:47:25 (InfL2)	---> Start of definition for widget look 'TaharezLook/SliderThumb'.
28/03/2008 23:47:25 (InfL2)	---< End of definition for widget look 'TaharezLook/SliderThumb'.
28/03/2008 23:47:25 (InfL2)	---> Start of definition for widget look 'TaharezLook/Slider'.
28/03/2008 23:47:25 (InfL2)	---< End of definition for widget look 'TaharezLook/Slider'.
28/03/2008 23:47:25 (InfL2)	---> Start of definition for widget look 'TaharezLook/HorizontalScrollbarThumb'.
28/03/2008 23:47:25 (InfL2)	---< End of definition for widget look 'TaharezLook/HorizontalScrollbarThumb'.
28/03/2008 23:47:25 (InfL2)	---> Start of definition for widget look 'TaharezLook/HorizontalScrollbar'.
28/03/2008 23:47:25 (InfL2)	---< End of definition for widget look 'TaharezLook/HorizontalScrollbar'.
28/03/2008 23:47:25 (InfL2)	---> Start of definition for widget look 'TaharezLook/VerticalScrollbarThumb'.
28/03/2008 23:47:25 (InfL2)	---< End of definition for widget look 'TaharezLook/VerticalScrollbarThumb'.
28/03/2008 23:47:25 (InfL2)	---> Start of definition for widget look 'TaharezLook/VerticalScrollbar'.
28/03/2008 23:47:25 (InfL2)	---< End of definition for widget look 'TaharezLook/VerticalScrollbar'.
28/03/2008 23:47:25 (InfL2)	---> Start of definition for widget look 'TaharezLook/Listbox'.
28/03/2008 23:47:25 (InfL2)	---< End of definition for widget look 'TaharezLook/Listbox'.
28/03/2008 23:47:25 (InfL2)	---> Start of definition for widget look 'TaharezLook/ComboDropList'.
28/03/2008 23:47:25 (InfL2)	---< End of definition for widget look 'TaharezLook/ComboDropList'.
28/03/2008 23:47:25 (InfL2)	---> Start of definition for widget look 'TaharezLook/ComboEditbox'.
28/03/2008 23:47:25 (InfL2)	---< End of definition for widget look 'TaharezLook/ComboEditbox'.
28/03/2008 23:47:25 (InfL2)	---> Start of definition for widget look 'TaharezLook/Combobox'.
28/03/2008 23:47:25 (InfL2)	---< End of definition for widget look 'TaharezLook/Combobox'.
28/03/2008 23:47:25 (InfL2)	---> Start of definition for widget look 'TaharezLook/Spinner'.
28/03/2008 23:47:25 (InfL2)	---< End of definition for widget look 'TaharezLook/Spinner'.
28/03/2008 23:47:25 (InfL2)	---> Start of definition for widget look 'TaharezLook/StaticShared'.
28/03/2008 23:47:25 (InfL2)	---< End of definition for widget look 'TaharezLook/StaticShared'.
28/03/2008 23:47:25 (InfL2)	---> Start of definition for widget look 'TaharezLook/StaticImage'.
28/03/2008 23:47:25 (InfL2)	---< End of definition for widget look 'TaharezLook/StaticImage'.
28/03/2008 23:47:25 (InfL2)	---> Start of definition for widget look 'TaharezLook/StaticText'.
28/03/2008 23:47:25 (InfL2)	---< End of definition for widget look 'TaharezLook/StaticText'.
28/03/2008 23:47:25 (InfL2)	---> Start of definition for widget look 'TaharezLook/ListHeaderSegment'.
28/03/2008 23:47:25 (InfL2)	---< End of definition for widget look 'TaharezLook/ListHeaderSegment'.
28/03/2008 23:47:25 (InfL2)	---> Start of definition for widget look 'TaharezLook/ListHeader'.
28/03/2008 23:47:25 (InfL2)	---< End of definition for widget look 'TaharezLook/ListHeader'.
28/03/2008 23:47:25 (InfL2)	---> Start of definition for widget look 'TaharezLook/MultiColumnList'.
28/03/2008 23:47:25 (InfL2)	---< End of definition for widget look 'TaharezLook/MultiColumnList'.
28/03/2008 23:47:25 (InfL2)	---> Start of definition for widget look 'TaharezLook/MultiLineEditbox'.
28/03/2008 23:47:25 (InfL2)	---< End of definition for widget look 'TaharezLook/MultiLineEditbox'.
28/03/2008 23:47:25 (InfL2)	---> Start of definition for widget look 'TaharezLook/Tooltip'.
28/03/2008 23:47:25 (InfL2)	---< End of definition for widget look 'TaharezLook/Tooltip'.
28/03/2008 23:47:25 (InfL2)	---> Start of definition for widget look 'TaharezLook/ScrollablePane'.
28/03/2008 23:47:25 (InfL2)	---< End of definition for widget look 'TaharezLook/ScrollablePane'.
28/03/2008 23:47:25 (InfL2)	---> Start of definition for widget look 'TaharezLook/TabButton'.
28/03/2008 23:47:25 (InfL2)	---< End of definition for widget look 'TaharezLook/TabButton'.
28/03/2008 23:47:25 (InfL2)	---> Start of definition for widget look 'TaharezLook/TabContentPane'.
28/03/2008 23:47:25 (InfL2)	---< End of definition for widget look 'TaharezLook/TabContentPane'.
28/03/2008 23:47:25 (InfL2)	---> Start of definition for widget look 'TaharezLook/TabButtonPane'.
28/03/2008 23:47:25 (InfL2)	---< End of definition for widget look 'TaharezLook/TabButtonPane'.
28/03/2008 23:47:25 (InfL2)	---> Start of definition for widget look 'TaharezLook/TabControl'.
28/03/2008 23:47:25 (InfL2)	---< End of definition for widget look 'TaharezLook/TabControl'.
28/03/2008 23:47:25 (InfL2)	---> Start of definition for widget look 'TaharezLook/MenuItem'.
28/03/2008 23:47:25 (InfL2)	---< End of definition for widget look 'TaharezLook/MenuItem'.
28/03/2008 23:47:25 (InfL2)	---> Start of definition for widget look 'TaharezLook/PopupMenu'.
28/03/2008 23:47:25 (InfL2)	---< End of definition for widget look 'TaharezLook/PopupMenu'.
28/03/2008 23:47:25 (InfL2)	---> Start of definition for widget look 'TaharezLook/Menubar'.
28/03/2008 23:47:25 (InfL2)	---< End of definition for widget look 'TaharezLook/Menubar'.
28/03/2008 23:47:25 (InfL2)	---> Start of definition for widget look 'TaharezLook/LargeVerticalScrollbarThumb'.
28/03/2008 23:47:25 (InfL2)	---< End of definition for widget look 'TaharezLook/LargeVerticalScrollbarThumb'.
28/03/2008 23:47:25 (InfL2)	---> Start of definition for widget look 'TaharezLook/LargeVerticalScrollbar'.
28/03/2008 23:47:25 (InfL2)	---< End of definition for widget look 'TaharezLook/LargeVerticalScrollbar'.
28/03/2008 23:47:25 (InfL2)	---> Start of definition for widget look 'TaharezLook/ImageButton'.
28/03/2008 23:47:25 (InfL2)	---< End of definition for widget look 'TaharezLook/ImageButton'.
28/03/2008 23:47:25 (InfL1)	===== Look and feel parsing completed =====
28/03/2008 23:47:25 (InfL1)	No window renderer factories specified for module 'CEGUIFalagardWRBase' - adding all available factories...
28/03/2008 23:47:25 (InfL1)	WindowRendererFactory 'Falagard/Button' added.
28/03/2008 23:47:25 (InfL1)	WindowRendererFactory 'Falagard/Default' added.
28/03/2008 23:47:25 (InfL1)	WindowRendererFactory 'Falagard/Editbox' added.
28/03/2008 23:47:25 (InfL1)	WindowRendererFactory 'Falagard/FrameWindow' added.
28/03/2008 23:47:25 (InfL1)	WindowRendererFactory 'Falagard/ItemEntry' added.
28/03/2008 23:47:25 (InfL1)	WindowRendererFactory 'Falagard/ListHeader' added.
28/03/2008 23:47:25 (InfL1)	WindowRendererFactory 'Falagard/ListHeaderSegment' added.
28/03/2008 23:47:25 (InfL1)	WindowRendererFactory 'Falagard/Listbox' added.
28/03/2008 23:47:25 (InfL1)	WindowRendererFactory 'Falagard/Menubar' added.
28/03/2008 23:47:25 (InfL1)	WindowRendererFactory 'Falagard/MenuItem' added.
28/03/2008 23:47:25 (InfL1)	WindowRendererFactory 'Falagard/MultiColumnList' added.
28/03/2008 23:47:25 (InfL1)	WindowRendererFactory 'Falagard/MultiLineEditbox' added.
28/03/2008 23:47:25 (InfL1)	WindowRendererFactory 'Falagard/PopupMenu' added.
28/03/2008 23:47:25 (InfL1)	WindowRendererFactory 'Falagard/ProgressBar' added.
28/03/2008 23:47:25 (InfL1)	WindowRendererFactory 'Falagard/ScrollablePane' added.
28/03/2008 23:47:25 (InfL1)	WindowRendererFactory 'Falagard/Scrollbar' added.
28/03/2008 23:47:25 (InfL1)	WindowRendererFactory 'Falagard/Slider' added.
28/03/2008 23:47:25 (InfL1)	WindowRendererFactory 'Falagard/Static' added.
28/03/2008 23:47:25 (InfL1)	WindowRendererFactory 'Falagard/StaticImage' added.
28/03/2008 23:47:25 (InfL1)	WindowRendererFactory 'Falagard/StaticText' added.
28/03/2008 23:47:25 (InfL1)	WindowRendererFactory 'Falagard/SystemButton' added.
28/03/2008 23:47:25 (InfL1)	WindowRendererFactory 'Falagard/TabButton' added.
28/03/2008 23:47:25 (InfL1)	WindowRendererFactory 'Falagard/TabControl' added.
28/03/2008 23:47:25 (InfL1)	WindowRendererFactory 'Falagard/Titlebar' added.
28/03/2008 23:47:25 (InfL1)	WindowRendererFactory 'Falagard/ToggleButton' added.
28/03/2008 23:47:25 (InfL1)	WindowRendererFactory 'Falagard/Tooltip' added.
28/03/2008 23:47:25 (InfL1)	WindowRendererFactory 'Falagard/ItemListbox' added.
28/03/2008 23:47:25 (InfL1)	Creating falagard mapping for type 'TaharezLook/Button' using base type 'CEGUI/PushButton', window renderer 'Falagard/Button' and Look'N'Feel 'TaharezLook/Button'.
28/03/2008 23:47:25 (InfL1)	Creating falagard mapping for type 'TaharezLook/Checkbox' using base type 'CEGUI/Checkbox', window renderer 'Falagard/ToggleButton' and Look'N'Feel 'TaharezLook/Checkbox'.
28/03/2008 23:47:25 (InfL1)	Creating falagard mapping for type 'TaharezLook/ImageButton' using base type 'CEGUI/PushButton', window renderer 'Falagard/Button' and Look'N'Feel 'TaharezLook/ImageButton'.
28/03/2008 23:47:25 (InfL1)	Creating falagard mapping for type 'TaharezLook/RadioButton' using base type 'CEGUI/RadioButton', window renderer 'Falagard/ToggleButton' and Look'N'Feel 'TaharezLook/RadioButton'.
28/03/2008 23:47:25 (InfL1)	Creating falagard mapping for type 'TaharezLook/FrameWindow' using base type 'CEGUI/FrameWindow', window renderer 'Falagard/FrameWindow' and Look'N'Feel 'TaharezLook/FrameWindow'.
28/03/2008 23:47:25 (InfL1)	Creating falagard mapping for type 'TaharezLook/Titlebar' using base type 'CEGUI/Titlebar', window renderer 'Falagard/Titlebar' and Look'N'Feel 'TaharezLook/Titlebar'.
28/03/2008 23:47:25 (InfL1)	Creating falagard mapping for type 'TaharezLook/SystemButton' using base type 'CEGUI/PushButton', window renderer 'Falagard/SystemButton' and Look'N'Feel 'TaharezLook/Button'.
28/03/2008 23:47:25 (InfL1)	Creating falagard mapping for type 'TaharezLook/Editbox' using base type 'CEGUI/Editbox', window renderer 'Falagard/Editbox' and Look'N'Feel 'TaharezLook/Editbox'.
28/03/2008 23:47:25 (InfL1)	Creating falagard mapping for type 'TaharezLook/MultiLineEditbox' using base type 'CEGUI/MultiLineEditbox', window renderer 'Falagard/MultiLineEditbox' and Look'N'Feel 'TaharezLook/MultiLineEditbox'.
28/03/2008 23:47:25 (InfL1)	Creating falagard mapping for type 'TaharezLook/Menubar' using base type 'CEGUI/Menubar', window renderer 'Falagard/Menubar' and Look'N'Feel 'TaharezLook/Menubar'.
28/03/2008 23:47:25 (InfL1)	Creating falagard mapping for type 'TaharezLook/PopupMenu' using base type 'CEGUI/PopupMenu', window renderer 'Falagard/PopupMenu' and Look'N'Feel 'TaharezLook/PopupMenu'.
28/03/2008 23:47:25 (InfL1)	Creating falagard mapping for type 'TaharezLook/MenuItem' using base type 'CEGUI/MenuItem', window renderer 'Falagard/MenuItem' and Look'N'Feel 'TaharezLook/MenuItem'.
28/03/2008 23:47:25 (InfL1)	Creating falagard mapping for type 'TaharezLook/AlternateProgressBar' using base type 'CEGUI/ProgressBar', window renderer 'Falagard/ProgressBar' and Look'N'Feel 'TaharezLook/AltProgressBar'.
28/03/2008 23:47:25 (InfL1)	Creating falagard mapping for type 'TaharezLook/ProgressBar' using base type 'CEGUI/ProgressBar', window renderer 'Falagard/ProgressBar' and Look'N'Feel 'TaharezLook/ProgressBar'.
28/03/2008 23:47:25 (InfL1)	Creating falagard mapping for type 'TaharezLook/VUMeter' using base type 'CEGUI/ProgressBar', window renderer 'Falagard/ProgressBar' and Look'N'Feel 'TaharezLook/VUMeter'.
28/03/2008 23:47:25 (InfL1)	Creating falagard mapping for type 'TaharezLook/VerticalScrollbar' using base type 'CEGUI/Scrollbar', window renderer 'Falagard/Scrollbar' and Look'N'Feel 'TaharezLook/VerticalScrollbar'.
28/03/2008 23:47:25 (InfL1)	Creating falagard mapping for type 'TaharezLook/HorizontalScrollbar' using base type 'CEGUI/Scrollbar', window renderer 'Falagard/Scrollbar' and Look'N'Feel 'TaharezLook/HorizontalScrollbar'.
28/03/2008 23:47:25 (InfL1)	Creating falagard mapping for type 'TaharezLook/VerticalScrollbarThumb' using base type 'CEGUI/Thumb', window renderer 'Falagard/Button' and Look'N'Feel 'TaharezLook/VerticalScrollbarThumb'.
28/03/2008 23:47:25 (InfL1)	Creating falagard mapping for type 'TaharezLook/HorizontalScrollbarThumb' using base type 'CEGUI/Thumb', window renderer 'Falagard/Button' and Look'N'Feel 'TaharezLook/HorizontalScrollbarThumb'.
28/03/2008 23:47:25 (InfL1)	Creating falagard mapping for type 'TaharezLook/LargeVerticalScrollbar' using base type 'CEGUI/Scrollbar', window renderer 'Falagard/Scrollbar' and Look'N'Feel 'TaharezLook/LargeVerticalScrollbar'.
28/03/2008 23:47:25 (InfL1)	Creating falagard mapping for type 'TaharezLook/LargeVerticalScrollbarThumb' using base type 'CEGUI/Thumb', window renderer 'Falagard/Button' and Look'N'Feel 'TaharezLook/LargeVerticalScrollbarThumb'.
28/03/2008 23:47:25 (InfL1)	Creating falagard mapping for type 'TaharezLook/TabButton' using base type 'CEGUI/TabButton', window renderer 'Falagard/TabButton' and Look'N'Feel 'TaharezLook/TabButton'.
28/03/2008 23:47:25 (InfL1)	Creating falagard mapping for type 'TaharezLook/TabControl' using base type 'CEGUI/TabControl', window renderer 'Falagard/TabControl' and Look'N'Feel 'TaharezLook/TabControl'.
28/03/2008 23:47:25 (InfL1)	Creating falagard mapping for type 'TaharezLook/TabContentPane' using base type 'DefaultWindow', window renderer 'Falagard/Default' and Look'N'Feel 'TaharezLook/TabContentPane'.
28/03/2008 23:47:25 (InfL1)	Creating falagard mapping for type 'TaharezLook/TabButtonPane' using base type 'DefaultWindow', window renderer 'Falagard/Default' and Look'N'Feel 'TaharezLook/TabButtonPane'.
28/03/2008 23:47:25 (InfL1)	Creating falagard mapping for type 'TaharezLook/ComboDropList' using base type 'CEGUI/ComboDropList', window renderer 'Falagard/Listbox' and Look'N'Feel 'TaharezLook/ComboDropList'.
28/03/2008 23:47:25 (InfL1)	Creating falagard mapping for type 'TaharezLook/ComboEditbox' using base type 'CEGUI/Editbox', window renderer 'Falagard/Editbox' and Look'N'Feel 'TaharezLook/ComboEditbox'.
28/03/2008 23:47:25 (InfL1)	Creating falagard mapping for type 'TaharezLook/Combobox' using base type 'CEGUI/Combobox', window renderer 'Falagard/Default' and Look'N'Feel 'TaharezLook/Combobox'.
28/03/2008 23:47:25 (InfL1)	Creating falagard mapping for type 'TaharezLook/Listbox' using base type 'CEGUI/Listbox', window renderer 'Falagard/Listbox' and Look'N'Feel 'TaharezLook/Listbox'.
28/03/2008 23:47:25 (InfL1)	Creating falagard mapping for type 'TaharezLook/ListHeader' using base type 'CEGUI/ListHeader', window renderer 'Falagard/ListHeader' and Look'N'Feel 'TaharezLook/ListHeader'.
28/03/2008 23:47:25 (InfL1)	Creating falagard mapping for type 'TaharezLook/ListHeaderSegment' using base type 'CEGUI/ListHeaderSegment', window renderer 'Falagard/ListHeaderSegment' and Look'N'Feel 'TaharezLook/ListHeaderSegment'.
28/03/2008 23:47:25 (InfL1)	Creating falagard mapping for type 'TaharezLook/MultiColumnList' using base type 'CEGUI/MultiColumnList', window renderer 'Falagard/MultiColumnList' and Look'N'Feel 'TaharezLook/MultiColumnList'.
28/03/2008 23:47:25 (InfL1)	Creating falagard mapping for type 'TaharezLook/Slider' using base type 'CEGUI/Slider', window renderer 'Falagard/Slider' and Look'N'Feel 'TaharezLook/Slider'.
28/03/2008 23:47:25 (InfL1)	Creating falagard mapping for type 'TaharezLook/SliderThumb' using base type 'CEGUI/Thumb', window renderer 'Falagard/Button' and Look'N'Feel 'TaharezLook/SliderThumb'.
28/03/2008 23:47:25 (InfL1)	Creating falagard mapping for type 'TaharezLook/ScrollablePane' using base type 'CEGUI/ScrollablePane', window renderer 'Falagard/ScrollablePane' and Look'N'Feel 'TaharezLook/ScrollablePane'.
28/03/2008 23:47:25 (InfL1)	Creating falagard mapping for type 'TaharezLook/Spinner' using base type 'CEGUI/Spinner', window renderer 'Falagard/Default' and Look'N'Feel 'TaharezLook/Spinner'.
28/03/2008 23:47:25 (InfL1)	Creating falagard mapping for type 'TaharezLook/Tooltip' using base type 'CEGUI/Tooltip', window renderer 'Falagard/Tooltip' and Look'N'Feel 'TaharezLook/Tooltip'.
28/03/2008 23:47:25 (InfL1)	Creating falagard mapping for type 'TaharezLook/StaticImage' using base type 'DefaultWindow', window renderer 'Falagard/StaticImage' and Look'N'Feel 'TaharezLook/StaticImage'.
28/03/2008 23:47:25 (InfL1)	Creating falagard mapping for type 'TaharezLook/StaticText' using base type 'DefaultWindow', window renderer 'Falagard/StaticText' and Look'N'Feel 'TaharezLook/StaticText'.
28/03/2008 23:47:25 (InfL2)	---- Resource loading for GUI scheme 'TaharezLook' completed ----
28/03/2008 23:47:25 (InfL1)	Attempting to create Font from the information specified in file 'Tahoma.font'.
28/03/2008 23:47:25 (InfL1)	Started creation of FreeType Font:
28/03/2008 23:47:25 (InfL1)	---- CEGUI font name: Tahoma-12
28/03/2008 23:47:25 (InfL1)	----     Source file: Tahoma.ttf in resource group: (Default)
28/03/2008 23:47:25 (InfL1)	---- Real point size: 10
28/03/2008 23:47:25 (InfL1)	Succsessfully loaded 1900 glyphs
28/03/2008 23:47:25 (InfL2)	Finished creation of Font 'Tahoma-12' via XML file.
28/03/2008 23:47:25 (InfL2)	Window 'root' of type 'DefaultWindow' has been created.
28/03/2008 23:47:25 (InfL2)	---- Beginning loading of GUI layout from 'login.layout' ----
28/03/2008 23:47:25 (InfL2)	Window 'Root' of type 'DefaultWindow' has been created.
28/03/2008 23:47:25 (InfL2)	Window 'Login' of type 'TaharezLook/FrameWindow' has been created.
28/03/2008 23:47:25 (InfL2)	Assigning the window renderer 'Falagard/FrameWindow' to the window 'Login'
28/03/2008 23:47:25 (InfL2)	Assigning LookNFeel 'TaharezLook/FrameWindow' to window 'Login'.
28/03/2008 23:47:25 (InfL2)	Window 'Login__auto_titlebar__' of type 'TaharezLook/Titlebar' has been created.
28/03/2008 23:47:25 (InfL2)	Assigning the window renderer 'Falagard/Titlebar' to the window 'Login__auto_titlebar__'
28/03/2008 23:47:25 (InfL2)	Assigning LookNFeel 'TaharezLook/Titlebar' to window 'Login__auto_titlebar__'.
28/03/2008 23:47:25 (InfL2)	Window 'Login__auto_closebutton__' of type 'TaharezLook/SystemButton' has been created.
28/03/2008 23:47:25 (InfL2)	Assigning the window renderer 'Falagard/SystemButton' to the window 'Login__auto_closebutton__'
28/03/2008 23:47:25 (InfL2)	Assigning LookNFeel 'TaharezLook/Button' to window 'Login__auto_closebutton__'.
28/03/2008 23:47:25 (Error)	Exception: There is no Property named 'MetricsMode' available in the set.
28/03/2008 23:47:25 (InfL2)	Window 'Login/ServerText' of type 'TaharezLook/StaticText' has been created.
28/03/2008 23:47:25 (InfL2)	Assigning the window renderer 'Falagard/StaticText' to the window 'Login/ServerText'
28/03/2008 23:47:25 (InfL2)	Assigning LookNFeel 'TaharezLook/StaticText' to window 'Login/ServerText'.
28/03/2008 23:47:25 (InfL2)	Window 'Login/ServerText__auto_hscrollbar__' of type 'TaharezLook/HorizontalScrollbar' has been created.
28/03/2008 23:47:25 (InfL2)	Assigning the window renderer 'Falagard/Scrollbar' to the window 'Login/ServerText__auto_hscrollbar__'
28/03/2008 23:47:25 (InfL2)	Assigning LookNFeel 'TaharezLook/HorizontalScrollbar' to window 'Login/ServerText__auto_hscrollbar__'.
28/03/2008 23:47:25 (InfL2)	Window 'Login/ServerText__auto_hscrollbar____auto_incbtn__' of type 'TaharezLook/ImageButton' has been created.
28/03/2008 23:47:25 (InfL2)	Assigning the window renderer 'Falagard/Button' to the window 'Login/ServerText__auto_hscrollbar____auto_incbtn__'
28/03/2008 23:47:25 (InfL2)	Assigning LookNFeel 'TaharezLook/ImageButton' to window 'Login/ServerText__auto_hscrollbar____auto_incbtn__'.
28/03/2008 23:47:25 (InfL2)	Window 'Login/ServerText__auto_hscrollbar____auto_decbtn__' of type 'TaharezLook/ImageButton' has been created.
28/03/2008 23:47:25 (InfL2)	Assigning the window renderer 'Falagard/Button' to the window 'Login/ServerText__auto_hscrollbar____auto_decbtn__'
28/03/2008 23:47:25 (InfL2)	Assigning LookNFeel 'TaharezLook/ImageButton' to window 'Login/ServerText__auto_hscrollbar____auto_decbtn__'.
28/03/2008 23:47:25 (InfL2)	Window 'Login/ServerText__auto_hscrollbar____auto_thumb__' of type 'TaharezLook/HorizontalScrollbarThumb' has been created.
28/03/2008 23:47:25 (InfL2)	Assigning the window renderer 'Falagard/Button' to the window 'Login/ServerText__auto_hscrollbar____auto_thumb__'
28/03/2008 23:47:25 (InfL2)	Assigning LookNFeel 'TaharezLook/HorizontalScrollbarThumb' to window 'Login/ServerText__auto_hscrollbar____auto_thumb__'.
28/03/2008 23:47:25 (InfL2)	Window 'Login/ServerText__auto_vscrollbar__' of type 'TaharezLook/VerticalScrollbar' has been created.
28/03/2008 23:47:25 (InfL2)	Assigning the window renderer 'Falagard/Scrollbar' to the window 'Login/ServerText__auto_vscrollbar__'
28/03/2008 23:47:25 (InfL2)	Assigning LookNFeel 'TaharezLook/VerticalScrollbar' to window 'Login/ServerText__auto_vscrollbar__'.
28/03/2008 23:47:25 (InfL2)	Window 'Login/ServerText__auto_vscrollbar____auto_incbtn__' of type 'TaharezLook/ImageButton' has been created.
28/03/2008 23:47:25 (InfL2)	Assigning the window renderer 'Falagard/Button' to the window 'Login/ServerText__auto_vscrollbar____auto_incbtn__'
28/03/2008 23:47:25 (InfL2)	Assigning LookNFeel 'TaharezLook/ImageButton' to window 'Login/ServerText__auto_vscrollbar____auto_incbtn__'.
28/03/2008 23:47:25 (InfL2)	Window 'Login/ServerText__auto_vscrollbar____auto_decbtn__' of type 'TaharezLook/ImageButton' has been created.
28/03/2008 23:47:25 (InfL2)	Assigning the window renderer 'Falagard/Button' to the window 'Login/ServerText__auto_vscrollbar____auto_decbtn__'
28/03/2008 23:47:25 (InfL2)	Assigning LookNFeel 'TaharezLook/ImageButton' to window 'Login/ServerText__auto_vscrollbar____auto_decbtn__'.
28/03/2008 23:47:25 (InfL2)	Window 'Login/ServerText__auto_vscrollbar____auto_thumb__' of type 'TaharezLook/VerticalScrollbarThumb' has been created.
28/03/2008 23:47:25 (InfL2)	Assigning the window renderer 'Falagard/Button' to the window 'Login/ServerText__auto_vscrollbar____auto_thumb__'
28/03/2008 23:47:25 (InfL2)	Assigning LookNFeel 'TaharezLook/VerticalScrollbarThumb' to window 'Login/ServerText__auto_vscrollbar____auto_thumb__'.
28/03/2008 23:47:25 (InfL1)	Attempting to create Imageset 'BlueHighway-12_auto_glyph_images_ ' with texture only.
28/03/2008 23:47:25 (InfL2)	Window 'Login/Server' of type 'TaharezLook/ComboDropList' has been created.
28/03/2008 23:47:25 (InfL2)	Assigning the window renderer 'Falagard/Listbox' to the window 'Login/Server'
28/03/2008 23:47:25 (InfL2)	Assigning LookNFeel 'TaharezLook/ComboDropList' to window 'Login/Server'.
28/03/2008 23:47:25 (InfL2)	Window 'Login/Server__auto_hscrollbar__' of type 'TaharezLook/HorizontalScrollbar' has been created.
28/03/2008 23:47:25 (InfL2)	Assigning the window renderer 'Falagard/Scrollbar' to the window 'Login/Server__auto_hscrollbar__'
28/03/2008 23:47:25 (InfL2)	Assigning LookNFeel 'TaharezLook/HorizontalScrollbar' to window 'Login/Server__auto_hscrollbar__'.
28/03/2008 23:47:25 (InfL2)	Window 'Login/Server__auto_hscrollbar____auto_incbtn__' of type 'TaharezLook/ImageButton' has been created.
28/03/2008 23:47:25 (InfL2)	Assigning the window renderer 'Falagard/Button' to the window 'Login/Server__auto_hscrollbar____auto_incbtn__'
28/03/2008 23:47:25 (InfL2)	Assigning LookNFeel 'TaharezLook/ImageButton' to window 'Login/Server__auto_hscrollbar____auto_incbtn__'.
28/03/2008 23:47:26 (InfL2)	Window 'Login/Server__auto_hscrollbar____auto_decbtn__' of type 'TaharezLook/ImageButton' has been created.
28/03/2008 23:47:26 (InfL2)	Assigning the window renderer 'Falagard/Button' to the window 'Login/Server__auto_hscrollbar____auto_decbtn__'
28/03/2008 23:47:26 (InfL2)	Assigning LookNFeel 'TaharezLook/ImageButton' to window 'Login/Server__auto_hscrollbar____auto_decbtn__'.
28/03/2008 23:47:26 (InfL2)	Window 'Login/Server__auto_hscrollbar____auto_thumb__' of type 'TaharezLook/HorizontalScrollbarThumb' has been created.
28/03/2008 23:47:26 (InfL2)	Assigning the window renderer 'Falagard/Button' to the window 'Login/Server__auto_hscrollbar____auto_thumb__'
28/03/2008 23:47:26 (InfL2)	Assigning LookNFeel 'TaharezLook/HorizontalScrollbarThumb' to window 'Login/Server__auto_hscrollbar____auto_thumb__'.
28/03/2008 23:47:26 (InfL2)	Window 'Login/Server__auto_vscrollbar__' of type 'TaharezLook/VerticalScrollbar' has been created.
28/03/2008 23:47:26 (InfL2)	Assigning the window renderer 'Falagard/Scrollbar' to the window 'Login/Server__auto_vscrollbar__'
28/03/2008 23:47:26 (InfL2)	Assigning LookNFeel 'TaharezLook/VerticalScrollbar' to window 'Login/Server__auto_vscrollbar__'.
28/03/2008 23:47:26 (InfL2)	Window 'Login/Server__auto_vscrollbar____auto_incbtn__' of type 'TaharezLook/ImageButton' has been created.
28/03/2008 23:47:26 (InfL2)	Assigning the window renderer 'Falagard/Button' to the window 'Login/Server__auto_vscrollbar____auto_incbtn__'
28/03/2008 23:47:26 (InfL2)	Assigning LookNFeel 'TaharezLook/ImageButton' to window 'Login/Server__auto_vscrollbar____auto_incbtn__'.
28/03/2008 23:47:26 (InfL2)	Window 'Login/Server__auto_vscrollbar____auto_decbtn__' of type 'TaharezLook/ImageButton' has been created.
28/03/2008 23:47:26 (InfL2)	Assigning the window renderer 'Falagard/Button' to the window 'Login/Server__auto_vscrollbar____auto_decbtn__'
28/03/2008 23:47:26 (InfL2)	Assigning LookNFeel 'TaharezLook/ImageButton' to window 'Login/Server__auto_vscrollbar____auto_decbtn__'.
28/03/2008 23:47:26 (InfL2)	Window 'Login/Server__auto_vscrollbar____auto_thumb__' of type 'TaharezLook/VerticalScrollbarThumb' has been created.
28/03/2008 23:47:26 (InfL2)	Assigning the window renderer 'Falagard/Button' to the window 'Login/Server__auto_vscrollbar____auto_thumb__'
28/03/2008 23:47:26 (InfL2)	Assigning LookNFeel 'TaharezLook/VerticalScrollbarThumb' to window 'Login/Server__auto_vscrollbar____auto_thumb__'.
28/03/2008 23:47:26 (InfL2)	Window 'Login/UsernameText' of type 'TaharezLook/StaticText' has been created.
28/03/2008 23:47:26 (InfL2)	Assigning the window renderer 'Falagard/StaticText' to the window 'Login/UsernameText'
28/03/2008 23:47:26 (InfL2)	Assigning LookNFeel 'TaharezLook/StaticText' to window 'Login/UsernameText'.
28/03/2008 23:47:26 (InfL2)	Window 'Login/UsernameText__auto_hscrollbar__' of type 'TaharezLook/HorizontalScrollbar' has been created.
28/03/2008 23:47:26 (InfL2)	Assigning the window renderer 'Falagard/Scrollbar' to the window 'Login/UsernameText__auto_hscrollbar__'
28/03/2008 23:47:26 (InfL2)	Assigning LookNFeel 'TaharezLook/HorizontalScrollbar' to window 'Login/UsernameText__auto_hscrollbar__'.
28/03/2008 23:47:26 (InfL2)	Window 'Login/UsernameText__auto_hscrollbar____auto_incbtn__' of type 'TaharezLook/ImageButton' has been created.
28/03/2008 23:47:26 (InfL2)	Assigning the window renderer 'Falagard/Button' to the window 'Login/UsernameText__auto_hscrollbar____auto_incbtn__'
28/03/2008 23:47:26 (InfL2)	Assigning LookNFeel 'TaharezLook/ImageButton' to window 'Login/UsernameText__auto_hscrollbar____auto_incbtn__'.
28/03/2008 23:47:26 (InfL2)	Window 'Login/UsernameText__auto_hscrollbar____auto_decbtn__' of type 'TaharezLook/ImageButton' has been created.
28/03/2008 23:47:26 (InfL2)	Assigning the window renderer 'Falagard/Button' to the window 'Login/UsernameText__auto_hscrollbar____auto_decbtn__'
28/03/2008 23:47:26 (InfL2)	Assigning LookNFeel 'TaharezLook/ImageButton' to window 'Login/UsernameText__auto_hscrollbar____auto_decbtn__'.
28/03/2008 23:47:26 (InfL2)	Window 'Login/UsernameText__auto_hscrollbar____auto_thumb__' of type 'TaharezLook/HorizontalScrollbarThumb' has been created.
28/03/2008 23:47:26 (InfL2)	Assigning the window renderer 'Falagard/Button' to the window 'Login/UsernameText__auto_hscrollbar____auto_thumb__'
28/03/2008 23:47:26 (InfL2)	Assigning LookNFeel 'TaharezLook/HorizontalScrollbarThumb' to window 'Login/UsernameText__auto_hscrollbar____auto_thumb__'.
28/03/2008 23:47:26 (InfL2)	Window 'Login/UsernameText__auto_vscrollbar__' of type 'TaharezLook/VerticalScrollbar' has been created.
28/03/2008 23:47:26 (InfL2)	Assigning the window renderer 'Falagard/Scrollbar' to the window 'Login/UsernameText__auto_vscrollbar__'
28/03/2008 23:47:26 (InfL2)	Assigning LookNFeel 'TaharezLook/VerticalScrollbar' to window 'Login/UsernameText__auto_vscrollbar__'.
28/03/2008 23:47:26 (InfL2)	Window 'Login/UsernameText__auto_vscrollbar____auto_incbtn__' of type 'TaharezLook/ImageButton' has been created.
28/03/2008 23:47:26 (InfL2)	Assigning the window renderer 'Falagard/Button' to the window 'Login/UsernameText__auto_vscrollbar____auto_incbtn__'
28/03/2008 23:47:26 (InfL2)	Assigning LookNFeel 'TaharezLook/ImageButton' to window 'Login/UsernameText__auto_vscrollbar____auto_incbtn__'.
28/03/2008 23:47:26 (InfL2)	Window 'Login/UsernameText__auto_vscrollbar____auto_decbtn__' of type 'TaharezLook/ImageButton' has been created.
28/03/2008 23:47:26 (InfL2)	Assigning the window renderer 'Falagard/Button' to the window 'Login/UsernameText__auto_vscrollbar____auto_decbtn__'
28/03/2008 23:47:26 (InfL2)	Assigning LookNFeel 'TaharezLook/ImageButton' to window 'Login/UsernameText__auto_vscrollbar____auto_decbtn__'.
28/03/2008 23:47:26 (InfL2)	Window 'Login/UsernameText__auto_vscrollbar____auto_thumb__' of type 'TaharezLook/VerticalScrollbarThumb' has been created.
28/03/2008 23:47:26 (InfL2)	Assigning the window renderer 'Falagard/Button' to the window 'Login/UsernameText__auto_vscrollbar____auto_thumb__'
28/03/2008 23:47:26 (InfL2)	Assigning LookNFeel 'TaharezLook/VerticalScrollbarThumb' to window 'Login/UsernameText__auto_vscrollbar____auto_thumb__'.
28/03/2008 23:47:26 (InfL2)	Window 'Login/Username' of type 'TaharezLook/Editbox' has been created.
28/03/2008 23:47:26 (InfL2)	Assigning the window renderer 'Falagard/Editbox' to the window 'Login/Username'
28/03/2008 23:47:26 (InfL2)	Assigning LookNFeel 'TaharezLook/Editbox' to window 'Login/Username'.
28/03/2008 23:47:26 (InfL2)	Window 'Login/PasswordText' of type 'TaharezLook/StaticText' has been created.
28/03/2008 23:47:26 (InfL2)	Assigning the window renderer 'Falagard/StaticText' to the window 'Login/PasswordText'
28/03/2008 23:47:26 (InfL2)	Assigning LookNFeel 'TaharezLook/StaticText' to window 'Login/PasswordText'.
28/03/2008 23:47:26 (InfL2)	Window 'Login/PasswordText__auto_hscrollbar__' of type 'TaharezLook/HorizontalScrollbar' has been created.
28/03/2008 23:47:26 (InfL2)	Assigning the window renderer 'Falagard/Scrollbar' to the window 'Login/PasswordText__auto_hscrollbar__'
28/03/2008 23:47:26 (InfL2)	Assigning LookNFeel 'TaharezLook/HorizontalScrollbar' to window 'Login/PasswordText__auto_hscrollbar__'.
28/03/2008 23:47:26 (InfL2)	Window 'Login/PasswordText__auto_hscrollbar____auto_incbtn__' of type 'TaharezLook/ImageButton' has been created.
28/03/2008 23:47:26 (InfL2)	Assigning the window renderer 'Falagard/Button' to the window 'Login/PasswordText__auto_hscrollbar____auto_incbtn__'
28/03/2008 23:47:26 (InfL2)	Assigning LookNFeel 'TaharezLook/ImageButton' to window 'Login/PasswordText__auto_hscrollbar____auto_incbtn__'.
28/03/2008 23:47:26 (InfL2)	Window 'Login/PasswordText__auto_hscrollbar____auto_decbtn__' of type 'TaharezLook/ImageButton' has been created.
28/03/2008 23:47:26 (InfL2)	Assigning the window renderer 'Falagard/Button' to the window 'Login/PasswordText__auto_hscrollbar____auto_decbtn__'
28/03/2008 23:47:26 (InfL2)	Assigning LookNFeel 'TaharezLook/ImageButton' to window 'Login/PasswordText__auto_hscrollbar____auto_decbtn__'.
28/03/2008 23:47:26 (InfL2)	Window 'Login/PasswordText__auto_hscrollbar____auto_thumb__' of type 'TaharezLook/HorizontalScrollbarThumb' has been created.
28/03/2008 23:47:26 (InfL2)	Assigning the window renderer 'Falagard/Button' to the window 'Login/PasswordText__auto_hscrollbar____auto_thumb__'
28/03/2008 23:47:26 (InfL2)	Assigning LookNFeel 'TaharezLook/HorizontalScrollbarThumb' to window 'Login/PasswordText__auto_hscrollbar____auto_thumb__'.
28/03/2008 23:47:26 (InfL2)	Window 'Login/PasswordText__auto_vscrollbar__' of type 'TaharezLook/VerticalScrollbar' has been created.
28/03/2008 23:47:26 (InfL2)	Assigning the window renderer 'Falagard/Scrollbar' to the window 'Login/PasswordText__auto_vscrollbar__'
28/03/2008 23:47:26 (InfL2)	Assigning LookNFeel 'TaharezLook/VerticalScrollbar' to window 'Login/PasswordText__auto_vscrollbar__'.
28/03/2008 23:47:26 (InfL2)	Window 'Login/PasswordText__auto_vscrollbar____auto_incbtn__' of type 'TaharezLook/ImageButton' has been created.
28/03/2008 23:47:26 (InfL2)	Assigning the window renderer 'Falagard/Button' to the window 'Login/PasswordText__auto_vscrollbar____auto_incbtn__'
28/03/2008 23:47:26 (InfL2)	Assigning LookNFeel 'TaharezLook/ImageButton' to window 'Login/PasswordText__auto_vscrollbar____auto_incbtn__'.
28/03/2008 23:47:26 (InfL2)	Window 'Login/PasswordText__auto_vscrollbar____auto_decbtn__' of type 'TaharezLook/ImageButton' has been created.
28/03/2008 23:47:26 (InfL2)	Assigning the window renderer 'Falagard/Button' to the window 'Login/PasswordText__auto_vscrollbar____auto_decbtn__'
28/03/2008 23:47:26 (InfL2)	Assigning LookNFeel 'TaharezLook/ImageButton' to window 'Login/PasswordText__auto_vscrollbar____auto_decbtn__'.
28/03/2008 23:47:26 (InfL2)	Window 'Login/PasswordText__auto_vscrollbar____auto_thumb__' of type 'TaharezLook/VerticalScrollbarThumb' has been created.
28/03/2008 23:47:26 (InfL2)	Assigning the window renderer 'Falagard/Button' to the window 'Login/PasswordText__auto_vscrollbar____auto_thumb__'
28/03/2008 23:47:26 (InfL2)	Assigning LookNFeel 'TaharezLook/VerticalScrollbarThumb' to window 'Login/PasswordText__auto_vscrollbar____auto_thumb__'.
28/03/2008 23:47:26 (InfL2)	Window 'Login/Password' of type 'TaharezLook/Editbox' has been created.
28/03/2008 23:47:26 (InfL2)	Assigning the window renderer 'Falagard/Editbox' to the window 'Login/Password'
28/03/2008 23:47:26 (InfL2)	Assigning LookNFeel 'TaharezLook/Editbox' to window 'Login/Password'.
28/03/2008 23:47:26 (InfL2)	Window 'Login/LoginButton' of type 'TaharezLook/Button' has been created.
28/03/2008 23:47:26 (InfL2)	Assigning the window renderer 'Falagard/Button' to the window 'Login/LoginButton'
28/03/2008 23:47:26 (InfL2)	Assigning LookNFeel 'TaharezLook/Button' to window 'Login/LoginButton'.
28/03/2008 23:47:26 (InfL2)	Window 'Login/ConfigButton' of type 'TaharezLook/Button' has been created.
28/03/2008 23:47:26 (InfL2)	Assigning the window renderer 'Falagard/Button' to the window 'Login/ConfigButton'
28/03/2008 23:47:26 (InfL2)	Assigning LookNFeel 'TaharezLook/Button' to window 'Login/ConfigButton'.
28/03/2008 23:47:26 (InfL2)	Window 'Login/QuitButton' of type 'TaharezLook/Button' has been created.
28/03/2008 23:47:26 (InfL2)	Assigning the window renderer 'Falagard/Button' to the window 'Login/QuitButton'
28/03/2008 23:47:26 (InfL2)	Assigning LookNFeel 'TaharezLook/Button' to window 'Login/QuitButton'.
28/03/2008 23:47:26 (InfL1)	---- Successfully completed loading of GUI layout from 'login.layout' ----
