23:47:23: Creating resource group General
23:47:23: Creating resource group Internal
23:47:23: Creating resource group Autodetect
23:47:23: SceneManagerFactory for type 'DefaultSceneManager' registered.
23:47:23: Registering ResourceManager for type Material
23:47:23: Registering ResourceManager for type Mesh
23:47:23: Registering ResourceManager for type Skeleton
23:47:23: MovableObjectFactory for type 'ParticleSystem' registered.
23:47:23: OverlayElementFactory for type Panel registered.
23:47:23: OverlayElementFactory for type BorderPanel registered.
23:47:23: OverlayElementFactory for type TextArea registered.
23:47:23: Registering ResourceManager for type Font
23:47:23: ArchiveFactory for archive type FileSystem registered.
23:47:23: ArchiveFactory for archive type Zip registered.
23:47:23: FreeImage version: 3.10.0
23:47:23: This program uses FreeImage, a free, open source image library supporting all common bitmap formats. See http://freeimage.sourceforge.net for details
23:47:23: Supported formats: bmp,ico,jpg,jif,jpeg,jpe,jng,koa,iff,lbm,mng,pbm,pbm,pcd,pcx,pgm,pgm,png,ppm,ppm,ras,tga,targa,tif,tiff,wap,wbmp,wbm,psd,cut,xbm,xpm,gif,hdr,g3,sgi,exr,j2k,j2c,jp2
23:47:23: DDS codec registering
23:47:23: Registering ResourceManager for type HighLevelGpuProgram
23:47:23: Registering ResourceManager for type Compositor
23:47:23: MovableObjectFactory for type 'Entity' registered.
23:47:23: MovableObjectFactory for type 'Light' registered.
23:47:23: MovableObjectFactory for type 'BillboardSet' registered.
23:47:23: MovableObjectFactory for type 'ManualObject' registered.
23:47:23: MovableObjectFactory for type 'BillboardChain' registered.
23:47:23: MovableObjectFactory for type 'RibbonTrail' registered.
23:47:23: Loading library /home/jm/development/root/usr/lib/OGRE/RenderSystem_GL
23:47:23: Installing plugin: GL RenderSystem
23:47:23: OpenGL Rendering Subsystem created.
23:47:23: Plugin successfully installed
23:47:23: Loading library /home/jm/development/root/usr/lib/OGRE/Plugin_ParticleFX
23:47:23: Installing plugin: ParticleFX
23:47:23: Particle Emitter Type 'Point' registered
23:47:23: Particle Emitter Type 'Box' registered
23:47:23: Particle Emitter Type 'Ellipsoid' registered
23:47:23: Particle Emitter Type 'Cylinder' registered
23:47:23: Particle Emitter Type 'Ring' registered
23:47:23: Particle Emitter Type 'HollowEllipsoid' registered
23:47:23: Particle Affector Type 'LinearForce' registered
23:47:23: Particle Affector Type 'ColourFader' registered
23:47:23: Particle Affector Type 'ColourFader2' registered
23:47:23: Particle Affector Type 'ColourImage' registered
23:47:23: Particle Affector Type 'ColourInterpolator' registered
23:47:23: Particle Affector Type 'Scaler' registered
23:47:23: Particle Affector Type 'Rotator' registered
23:47:23: Particle Affector Type 'DirectionRandomiser' registered
23:47:23: Particle Affector Type 'DeflectorPlane' registered
23:47:23: Plugin successfully installed
23:47:23: Loading library /home/jm/development/root/usr/lib/OGRE/Plugin_BSPSceneManager
23:47:23: Installing plugin: BSP Scene Manager
23:47:23: Plugin successfully installed
23:47:23: Loading library /home/jm/development/root/usr/lib/OGRE/Plugin_OctreeSceneManager
23:47:23: Installing plugin: Octree & Terrain Scene Manager
23:47:23: Plugin successfully installed
23:47:23: *-*-* OGRE Initialising
23:47:23: *-*-* Version 1.4.6 (Eihort)
23:47:23: Creating resource group Bootstrap
23:47:23: Added resource location '../media/ogre/core.zip' of type 'Zip' to resource group 'Bootstrap'
23:47:23: Added resource location '../media/ogre' of type 'FileSystem' to resource group 'General'
23:47:23: Added resource location '../windows' of type 'FileSystem' to resource group 'General'
23:47:23: Added resource location '../media/xsd' of type 'FileSystem' to resource group 'General'
23:47:23: Added resource location '../media/gui/TaharezLook' of type 'FileSystem' to resource group 'General'
23:47:24: Added resource location '../media/meshes' of type 'FileSystem' to resource group 'General'
23:47:24: Added resource location '../media/billboards/flares' of type 'FileSystem' to resource group 'General'
23:47:24: Added resource location '../media/skybox' of type 'FileSystem' to resource group 'General'
23:47:24: Added resource location '../media/billboards' of type 'FileSystem' to resource group 'General'
23:47:24: Added resource location '../media/skybox/SpaceSkyBox.zip' of type 'Zip' to resource group 'General'
23:47:24: CPU Identifier & Features
23:47:24: -------------------------
23:47:24:  *   CPU ID: AuthenticAMD: AMD Athlon(tm)
23:47:24:  *      SSE: yes
23:47:24:  *     SSE2: no
23:47:24:  *     SSE3: no
23:47:24:  *      MMX: yes
23:47:24:  *   MMXEXT: yes
23:47:24:  *    3DNOW: yes
23:47:24:  * 3DNOWEXT: yes
23:47:24:  *     CMOV: yes
23:47:24:  *      TSC: yes
23:47:24:  *      FPU: yes
23:47:24:  *      PRO: yes
23:47:24:  *       HT: no
23:47:24: -------------------------
23:47:24: ******************************
*** Starting GLX Subsystem ***
******************************
23:47:24: GLRenderSystem::createRenderWindow "OGRE Render Window", 1024x768 windowed  miscParams: FSAA=0 title=OGRE Render Window 
23:47:24: GLXWindow::create
23:47:24: Parsing miscParams
23:47:24: GLXWindow::create -- Best visual is 35
23:47:24: GL_VERSION = 1.3 Mesa 7.0.3-rc2
23:47:24: GL_VENDOR = DRI R300 Project
23:47:24: GL_RENDERER = Mesa DRI R300 20060815 AGP 4x x86/MMX+/3DNow!+/SSE TCL
23:47:24: GL_EXTENSIONS = GL_ARB_fragment_program GL_ARB_imaging GL_ARB_multisample GL_ARB_multitexture GL_ARB_texture_border_clamp GL_ARB_texture_compression GL_ARB_texture_cube_map GL_ARB_texture_env_add GL_ARB_texture_env_combine GL_ARB_texture_env_crossbar GL_ARB_texture_env_dot3 GL_MESAX_texture_float GL_ARB_texture_mirrored_repeat GL_ARB_texture_rectangle GL_ARB_transpose_matrix GL_ARB_vertex_buffer_object GL_ARB_vertex_program GL_ARB_window_pos GL_EXT_abgr GL_EXT_bgra GL_EXT_blend_color GL_EXT_blend_equation_separate GL_EXT_blend_func_separate GL_EXT_blend_minmax GL_EXT_blend_subtract GL_EXT_clip_volume_hint GL_EXT_compiled_vertex_array GL_EXT_convolution GL_EXT_copy_texture GL_EXT_draw_range_elements GL_EXT_gpu_program_parameters GL_EXT_histogram GL_EXT_packed_pixels GL_EXT_polygon_offset GL_EXT_rescale_normal GL_EXT_secondary_color GL_EXT_separate_specular_color GL_EXT_stencil_two_side GL_EXT_stencil_wrap GL_EXT_subtexture GL_EXT_texture GL_EXT_texture3D GL_EXT_texture_edge_clamp GL_EXT_texture_env_add GL_EXT_texture_env_combine GL_EXT_texture_env_dot3 GL_EXT_texture_filter_anisotropic GL_EXT_texture_lod_bias GL_EXT_texture_mirror_clamp GL_EXT_texture_object GL_EXT_texture_rectangle GL_EXT_vertex_array GL_APPLE_packed_pixels GL_ATI_blend_equation_separate GL_ATI_texture_env_combine3 GL_ATI_texture_mirror_once GL_IBM_rasterpos_clip GL_IBM_texture_mirrored_repeat GL_INGR_blend_func_separate GL_MESA_pack_invert GL_MESA_ycbcr_texture GL_MESA_window_pos GL_NV_blend_square GL_NV_light_max_exponent GL_NV_texture_rectangle GL_NV_texgen_reflection GL_NV_vertex_program GL_OES_read_format GL_SGI_color_matrix GL_SGI_color_table GL_SGIS_generate_mipmap GL_SGIS_texture_border_clamp GL_SGIS_texture_edge_clamp GL_SGIS_texture_lod
23:47:24: ***************************
23:47:24: *** GL Renderer Started ***
23:47:24: ***************************
23:47:24: Registering ResourceManager for type GpuProgram
23:47:24: GL: Using framebuffer copy for rendering to textures (worst)
23:47:24: GL: Warning: RenderTexture size is restricted to size of framebuffer. If you are on Linux, consider using GLX instead of SDL.
23:47:24: RenderSystem capabilities
23:47:24: -------------------------
23:47:24:  * Hardware generation of mipmaps: yes
23:47:24:  * Texture blending: yes
23:47:24:  * Anisotropic texture filtering: yes
23:47:24:  * Dot product texture operation: yes
23:47:24:  * Cube mapping: yes
23:47:24:  * Hardware stencil buffer: yes
23:47:24:    - Stencil depth: 8
23:47:24:    - Two sided stencil support: yes
23:47:24:    - Wrap stencil values: yes
23:47:24:  * Hardware vertex / index buffers: yes
23:47:24:  * Vertex programs: yes
23:47:24:    - Max vertex program version: arbvp1
23:47:24:  * Fragment programs: yes
23:47:24:    - Max fragment program version: arbfp1
23:47:24:  * Texture Compression: yes
23:47:24:    - DXT: no
23:47:24:    - VTC: no
23:47:24:  * Scissor Rectangle: yes
23:47:24:  * Hardware Occlusion Query: no
23:47:24:  * User clip planes: yes
23:47:24:  * VET_UBYTE4 vertex element type: yes
23:47:24:  * Infinite far plane projection: yes
23:47:24:  * Hardware render-to-texture: no
23:47:24:  * Floating point textures: no
23:47:24:  * Non-power-of-two textures: no
23:47:24:  * Volume textures: yes
23:47:24:  * Multiple Render Targets: 1
23:47:24:  * Point Sprites: no
23:47:24:  * Extended point parameters: no
23:47:24:  * Max Point Size: 20
23:47:24:  * Vertex texture fetch: no
23:47:24: Registering ResourceManager for type Texture
23:47:24: ResourceBackgroundQueue - threading disabled
23:47:24: Particle Renderer Type 'billboard' registered
23:47:24: SceneManagerFactory for type 'BspSceneManager' registered.
23:47:24: Registering ResourceManager for type BspLevel
23:47:24: SceneManagerFactory for type 'OctreeSceneManager' registered.
23:47:24: SceneManagerFactory for type 'TerrainSceneManager' registered.
23:47:24: Creating viewport on target 'OGRE Render Window', rendering from camera 'PlayerCam', relative dimensions L: 0.00 T: 0.00 W: 1.00 H: 1.00 ZOrder: 0
23:47:24: Parsing scripts for resource group Autodetect
23:47:24: Finished parsing scripts for resource group Autodetect
23:47:24: Parsing scripts for resource group Bootstrap
23:47:24: Parsing script OgreCore.material
23:47:24: Parsing script OgreProfiler.material
23:47:24: Parsing script Ogre.fontdef
23:47:24: Parsing script OgreDebugPanel.overlay
23:47:24: Texture: New_Ogre_Border_Center.png: Loading 1 faces(PF_A8R8G8B8,256x128x1) with 8 hardware generated mipmaps from Image. Internal format is PF_A8R8G8B8,256x128x1.
23:47:24: Texture: New_Ogre_Border.png: Loading 1 faces(PF_A8R8G8B8,256x256x1) with 8 hardware generated mipmaps from Image. Internal format is PF_A8R8G8B8,256x256x1.
23:47:24: Texture: New_Ogre_Border_Break.png: Loading 1 faces(PF_A8R8G8B8,32x32x1) with 5 hardware generated mipmaps from Image. Internal format is PF_A8R8G8B8,32x32x1.
23:47:24: Font TrebuchetMSBoldusing texture size 512x256
23:47:24: Info: Freetype returned null for character 160 in font TrebuchetMSBold
23:47:24: Texture: TrebuchetMSBoldTexture: Loading 1 faces(PF_BYTE_LA,512x256x1) with  hardware generated mipmaps from Image. Internal format is PF_BYTE_LA,512x256x1.
23:47:24: Texture: ogretext.png: Loading 1 faces(PF_A8R8G8B8,256x128x1) with 8 hardware generated mipmaps from Image. Internal format is PF_A8R8G8B8,256x128x1.
23:47:24: Parsing script OgreLoadingPanel.overlay
23:47:24: Finished parsing scripts for resource group Bootstrap
23:47:24: Parsing scripts for resource group General
23:47:24: Parsing script SpaceSkyBox.material
23:47:24: Parsing script flare9.material
23:47:24: Parsing script flare.material
23:47:24: Parsing script flare10.material
23:47:24: Parsing script flare11.material
23:47:24: Parsing script flare12.material
23:47:24: Parsing script flare1.material
23:47:24: Parsing script flare2.material
23:47:24: Parsing script flare3.material
23:47:24: Parsing script flare4.material
23:47:24: Parsing script flare5.material
23:47:24: Parsing script flare6.material
23:47:24: Parsing script flare7.material
23:47:24: Parsing script flare8.material
23:47:24: Parsing script Tahoma.fontdef
23:47:24: Parsing script sample.fontdef
23:47:24: Finished parsing scripts for resource group General
23:47:24: Parsing scripts for resource group Internal
23:47:24: Finished parsing scripts for resource group Internal
23:47:24: Texture: TaharezLook.tga: Loading 1 faces(PF_A8R8G8B8,256x256x1) with  hardware generated mipmaps from Image. Internal format is PF_A8R8G8B8,256x256x1.
23:47:25: Texture: _cegui_ogre_0: Loading 1 faces(PF_A8R8G8B8,256x256x1) with  hardware generated mipmaps from Image. Internal format is PF_A8R8G8B8,256x256x1.
23:47:26: Font Tahoma-12using texture size 256x128
23:47:26: Info: Freetype returned null for character 160 in font Tahoma-12
23:47:26: Texture: Tahoma-12Texture: Loading 1 faces(PF_BYTE_LA,256x128x1) with  hardware generated mipmaps from Image. Internal format is PF_BYTE_LA,256x128x1.
23:47:26: Texture: flare1.png: Loading 1 faces(PF_R8G8B8,256x256x1) with 8 hardware generated mipmaps from Image. Internal format is PF_X8R8G8B8,256x256x1.
23:47:26: Texture: flare2.png: Loading 1 faces(PF_R8G8B8,256x256x1) with 8 hardware generated mipmaps from Image. Internal format is PF_X8R8G8B8,256x256x1.
23:47:26: Texture: flare3.png: Loading 1 faces(PF_R8G8B8,256x256x1) with 8 hardware generated mipmaps from Image. Internal format is PF_X8R8G8B8,256x256x1.
23:47:26: Texture: flare4.png: Loading 1 faces(PF_R8G8B8,256x256x1) with 8 hardware generated mipmaps from Image. Internal format is PF_X8R8G8B8,256x256x1.
23:47:26: Texture: flare5.png: Loading 1 faces(PF_R8G8B8,256x256x1) with 8 hardware generated mipmaps from Image. Internal format is PF_X8R8G8B8,256x256x1.
23:47:26: Texture: flare6.png: Loading 1 faces(PF_R8G8B8,256x256x1) with 8 hardware generated mipmaps from Image. Internal format is PF_X8R8G8B8,256x256x1.
23:47:26: Texture: flare7.png: Loading 1 faces(PF_R8G8B8,256x256x1) with 8 hardware generated mipmaps from Image. Internal format is PF_X8R8G8B8,256x256x1.
23:47:26: Texture: flare8.png: Loading 1 faces(PF_R8G8B8,256x256x1) with 8 hardware generated mipmaps from Image. Internal format is PF_X8R8G8B8,256x256x1.
23:47:26: Texture: flare9.png: Loading 1 faces(PF_R8G8B8,256x256x1) with 8 hardware generated mipmaps from Image. Internal format is PF_X8R8G8B8,256x256x1.
23:47:26: Texture: flare10.png: Loading 1 faces(PF_R8G8B8,256x256x1) with 8 hardware generated mipmaps from Image. Internal format is PF_X8R8G8B8,256x256x1.
23:47:26: Texture: flare11.png: Loading 1 faces(PF_R8G8B8,256x256x1) with 8 hardware generated mipmaps from Image. Internal format is PF_X8R8G8B8,256x256x1.
23:47:26: Texture: space_fr.jpg: Loading 1 faces(PF_R8G8B8,512x512x1) with 9 hardware generated mipmaps from Image. Internal format is PF_X8R8G8B8,512x512x1.
23:47:27: Texture: space_bk.jpg: Loading 1 faces(PF_R8G8B8,512x512x1) with 9 hardware generated mipmaps from Image. Internal format is PF_X8R8G8B8,512x512x1.
23:47:27: Texture: space_lf.jpg: Loading 1 faces(PF_R8G8B8,512x512x1) with 9 hardware generated mipmaps from Image. Internal format is PF_X8R8G8B8,512x512x1.
23:47:27: Texture: space_rt.jpg: Loading 1 faces(PF_R8G8B8,512x512x1) with 9 hardware generated mipmaps from Image. Internal format is PF_X8R8G8B8,512x512x1.
23:47:27: Texture: space_up.jpg: Loading 1 faces(PF_R8G8B8,512x512x1) with 9 hardware generated mipmaps from Image. Internal format is PF_X8R8G8B8,512x512x1.
23:47:27: Texture: space_dn.jpg: Loading 1 faces(PF_R8G8B8,512x512x1) with 9 hardware generated mipmaps from Image. Internal format is PF_X8R8G8B8,512x512x1.
23:47:32: Mesh: Loading sphere.mesh.
